-------------------------------------------------------------------------------
Test set: com.altay.kaynakpaylasim.KaynakpaylasimApplicationTests
-------------------------------------------------------------------------------
Tests run: 1, Failures: 0, Errors: 1, Skipped: 0, Time elapsed: 9.688 s <<< FAILURE! - in com.altay.kaynakpaylasim.KaynakpaylasimApplicationTests
contextLoads(com.altay.kaynakpaylasim.KaynakpaylasimApplicationTests)  Time elapsed: 0.004 s  <<< ERROR!
java.lang.IllegalStateException: Failed to load ApplicationContext
Caused by: org.springframework.beans.factory.UnsatisfiedDependencyException: Error creating bean with name 'bolumApi' defined in file [C:\Users\Ceylan\Desktop\kaynakpaylasim\target\classes\com\altay\kaynakpaylasim\api\BolumApi.class]: Unsatisfied dependency expressed through constructor parameter 0; nested exception is org.springframework.beans.factory.UnsatisfiedDependencyException: Error creating bean with name 'bolumServiceImpl' defined in file [C:\Users\Ceylan\Desktop\kaynakpaylasim\target\classes\com\altay\kaynakpaylasim\service\impl\BolumServiceImpl.class]: Unsatisfied dependency expressed through constructor parameter 0; nested exception is org.springframework.beans.factory.BeanCreationException: Error creating bean with name 'bolumRep': Invocation of init method failed; nested exception is java.lang.IllegalArgumentException: Not a managed type: class com.altay.kaynakpaylasim.entity.Bolum
Caused by: org.springframework.beans.factory.UnsatisfiedDependencyException: Error creating bean with name 'bolumServiceImpl' defined in file [C:\Users\Ceylan\Desktop\kaynakpaylasim\target\classes\com\altay\kaynakpaylasim\service\impl\BolumServiceImpl.class]: Unsatisfied dependency expressed through constructor parameter 0; nested exception is org.springframework.beans.factory.BeanCreationException: Error creating bean with name 'bolumRep': Invocation of init method failed; nested exception is java.lang.IllegalArgumentException: Not a managed type: class com.altay.kaynakpaylasim.entity.Bolum
Caused by: org.springframework.beans.factory.BeanCreationException: Error creating bean with name 'bolumRep': Invocation of init method failed; nested exception is java.lang.IllegalArgumentException: Not a managed type: class com.altay.kaynakpaylasim.entity.Bolum
Caused by: java.lang.IllegalArgumentException: Not a managed type: class com.altay.kaynakpaylasim.entity.Bolum

